# JRE version: OpenJDK Runtime Environment (8.0_212-b04) (build 1.8.0_212-release-1586-b04)
# Java VM: OpenJDK 64-Bit Server VM (25.212-b04 mixed mode windows-amd64 compressed oops)
Heap:
 PSYoungGen      total 335872K, used 30631K [0x00000000e0000000, 0x00000000fcd80000, 0x0000000100000000)
  eden space 320512K, 9% used [0x00000000e0000000,0x00000000e1de9ec0,0x00000000f3900000)
  from space 15360K, 0% used [0x00000000f3900000,0x00000000f3900000,0x00000000f4800000)
  to   space 15360K, 0% used [0x00000000fbe80000,0x00000000fbe80000,0x00000000fcd80000)
 ParOldGen       total 52224K, used 14948K [0x00000000a0000000, 0x00000000a3300000, 0x00000000e0000000)
  object space 52224K, 28% used [0x00000000a0000000,0x00000000a0e993f0,0x00000000a3300000)
 Metaspace       used 36279K, capacity 36948K, committed 37160K, reserved 1081344K
  class space    used 4798K, capacity 5020K, committed 5160K, reserved 1048576K
GC Heap History (10 events):
Event: 10.827 GC heap before
{Heap before GC invocations=9 (full 1):
 PSYoungGen      total 141312K, used 141287K [0x00000000e0000000, 0x00000000ef900000, 0x0000000100000000)
  eden space 131072K, 100% used [0x00000000e0000000,0x00000000e8000000,0x00000000e8000000)
  from space 10240K, 99% used [0x00000000e8000000,0x00000000e89f9e60,0x00000000e8a00000)
  to   space 13312K, 0% used [0x00000000eec00000,0x00000000eec00000,0x00000000ef900000)
 ParOldGen       total 41984K, used 15514K [0x00000000a0000000, 0x00000000a2900000, 0x00000000e0000000)
  object space 41984K, 36% used [0x00000000a0000000,0x00000000a0f26a68,0x00000000a2900000)
 Metaspace       used 32007K, capacity 32466K, committed 32640K, reserved 1077248K
  class space    used 4315K, capacity 4472K, committed 4480K, reserved 1048576K
Event: 10.865 GC heap after
Heap after GC invocations=9 (full 1):
 PSYoungGen      total 241152K, used 9623K [0x00000000e0000000, 0x00000000efd00000, 0x0000000100000000)
  eden space 227840K, 0% used [0x00000000e0000000,0x00000000e0000000,0x00000000ede80000)
  from space 13312K, 72% used [0x00000000eec00000,0x00000000ef565f50,0x00000000ef900000)
  to   space 13824K, 0% used [0x00000000ede80000,0x00000000ede80000,0x00000000eec00000)
 ParOldGen       total 41984K, used 15522K [0x00000000a0000000, 0x00000000a2900000, 0x00000000e0000000)
  object space 41984K, 36% used [0x00000000a0000000,0x00000000a0f28a68,0x00000000a2900000)
 Metaspace       used 32007K, capacity 32466K, committed 32640K, reserved 1077248K
  class space    used 4315K, capacity 4472K, committed 4480K, reserved 1048576K
}
Event: 16.172 GC heap before
{Heap before GC invocations=10 (full 1):
 PSYoungGen      total 241152K, used 237463K [0x00000000e0000000, 0x00000000efd00000, 0x0000000100000000)
  eden space 227840K, 100% used [0x00000000e0000000,0x00000000ede80000,0x00000000ede80000)
  from space 13312K, 72% used [0x00000000eec00000,0x00000000ef565f50,0x00000000ef900000)
  to   space 13824K, 0% used [0x00000000ede80000,0x00000000ede80000,0x00000000eec00000)
 ParOldGen       total 41984K, used 15522K [0x00000000a0000000, 0x00000000a2900000, 0x00000000e0000000)
  object space 41984K, 36% used [0x00000000a0000000,0x00000000a0f28a68,0x00000000a2900000)
 Metaspace       used 32726K, capacity 33174K, committed 33280K, reserved 1077248K
  class space    used 4383K, capacity 4555K, committed 4608K, reserved 1048576K
Event: 16.192 GC heap after
Heap after GC invocations=10 (full 1):
 PSYoungGen      total 241664K, used 12301K [0x00000000e0000000, 0x00000000f5c80000, 0x0000000100000000)
  eden space 227840K, 0% used [0x00000000e0000000,0x00000000e0000000,0x00000000ede80000)
  from space 13824K, 88% used [0x00000000ede80000,0x00000000eea83778,0x00000000eec00000)
  to   space 15360K, 0% used [0x00000000f4d80000,0x00000000f4d80000,0x00000000f5c80000)
 ParOldGen       total 41984K, used 15530K [0x00000000a0000000, 0x00000000a2900000, 0x00000000e0000000)
  object space 41984K, 36% used [0x00000000a0000000,0x00000000a0f2aa68,0x00000000a2900000)
 Metaspace       used 32726K, capacity 33174K, committed 33280K, reserved 1077248K
  class space    used 4383K, capacity 4555K, committed 4608K, reserved 1048576K
}
Event: 18.619 GC heap before
{Heap before GC invocations=11 (full 1):
 PSYoungGen      total 241664K, used 240141K [0x00000000e0000000, 0x00000000f5c80000, 0x0000000100000000)
  eden space 227840K, 100% used [0x00000000e0000000,0x00000000ede80000,0x00000000ede80000)
  from space 13824K, 88% used [0x00000000ede80000,0x00000000eea83778,0x00000000eec00000)
  to   space 15360K, 0% used [0x00000000f4d80000,0x00000000f4d80000,0x00000000f5c80000)
 ParOldGen       total 41984K, used 15530K [0x00000000a0000000, 0x00000000a2900000, 0x00000000e0000000)
  object space 41984K, 36% used [0x00000000a0000000,0x00000000a0f2aa68,0x00000000a2900000)
 Metaspace       used 32734K, capacity 33174K, committed 33280K, reserved 1077248K
  class space    used 4383K, capacity 4555K, committed 4608K, reserved 1048576K
Event: 18.635 GC heap after
Heap after GC invocations=11 (full 1):
 PSYoungGen      total 330240K, used 4166K [0x00000000e0000000, 0x00000000f5700000, 0x0000000100000000)
  eden space 320512K, 0% used [0x00000000e0000000,0x00000000e0000000,0x00000000f3900000)
  from space 9728K, 42% used [0x00000000f4d80000,0x00000000f5191bb8,0x00000000f5700000)
  to   space 15360K, 0% used [0x00000000f3900000,0x00000000f3900000,0x00000000f4800000)
 ParOldGen       total 41984K, used 20716K [0x00000000a0000000, 0x00000000a2900000, 0x00000000e0000000)
  object space 41984K, 49% used [0x00000000a0000000,0x00000000a143b2c0,0x00000000a2900000)
 Metaspace       used 32734K, capacity 33174K, committed 33280K, reserved 1077248K
  class space    used 4383K, capacity 4555K, committed 4608K, reserved 1048576K
}
Event: 20.687 GC heap before
{Heap before GC invocations=12 (full 1):
 PSYoungGen      total 330240K, used 137354K [0x00000000e0000000, 0x00000000f5700000, 0x0000000100000000)
  eden space 320512K, 41% used [0x00000000e0000000,0x00000000e8210d80,0x00000000f3900000)
  from space 9728K, 42% used [0x00000000f4d80000,0x00000000f5191bb8,0x00000000f5700000)
  to   space 15360K, 0% used [0x00000000f3900000,0x00000000f3900000,0x00000000f4800000)
 ParOldGen       total 41984K, used 20716K [0x00000000a0000000, 0x00000000a2900000, 0x00000000e0000000)
  object space 41984K, 49% used [0x00000000a0000000,0x00000000a143b2c0,0x00000000a2900000)
 Metaspace       used 34772K, capacity 35418K, committed 35496K, reserved 1079296K
  class space    used 4543K, capacity 4746K, committed 4776K, reserved 1048576K
Event: 20.698 GC heap after
Heap after GC invocations=12 (full 1):
 PSYoungGen      total 335872K, used 2761K [0x00000000e0000000, 0x00000000fcd80000, 0x0000000100000000)
  eden space 320512K, 0% used [0x00000000e0000000,0x00000000e0000000,0x00000000f3900000)
  from space 15360K, 17% used [0x00000000f3900000,0x00000000f3bb24d0,0x00000000f4800000)
  to   space 15360K, 0% used [0x00000000fbe80000,0x00000000fbe80000,0x00000000fcd80000)
 ParOldGen       total 41984K, used 21532K [0x00000000a0000000, 0x00000000a2900000, 0x00000000e0000000)
  object space 41984K, 51% used [0x00000000a0000000,0x00000000a1507210,0x00000000a2900000)
 Metaspace       used 34772K, capacity 35418K, committed 35496K, reserved 1079296K
  class space    used 4543K, capacity 4746K, committed 4776K, reserved 1048576K
}
Event: 20.698 GC heap before
{Heap before GC invocations=13 (full 2):
 PSYoungGen      total 335872K, used 2761K [0x00000000e0000000, 0x00000000fcd80000, 0x0000000100000000)
  eden space 320512K, 0% used [0x00000000e0000000,0x00000000e0000000,0x00000000f3900000)
  from space 15360K, 17% used [0x00000000f3900000,0x00000000f3bb24d0,0x00000000f4800000)
  to   space 15360K, 0% used [0x00000000fbe80000,0x00000000fbe80000,0x00000000fcd80000)
 ParOldGen       total 41984K, used 21532K [0x00000000a0000000, 0x00000000a2900000, 0x00000000e0000000)
  object space 41984K, 51% used [0x00000000a0000000,0x00000000a1507210,0x00000000a2900000)
 Metaspace       used 34772K, capacity 35418K, committed 35496K, reserved 1079296K
  class space    used 4543K, capacity 4746K, committed 4776K, reserved 1048576K
Event: 20.811 GC heap after
Heap after GC invocations=13 (full 2):
 PSYoungGen      total 335872K, used 0K [0x00000000e0000000, 0x00000000fcd80000, 0x0000000100000000)
  eden space 320512K, 0% used [0x00000000e0000000,0x00000000e0000000,0x00000000f3900000)
  from space 15360K, 0% used [0x00000000f3900000,0x00000000f3900000,0x00000000f4800000)
  to   space 15360K, 0% used [0x00000000fbe80000,0x00000000fbe80000,0x00000000fcd80000)
 ParOldGen       total 52224K, used 14948K [0x00000000a0000000, 0x00000000a3300000, 0x00000000e0000000)
  object space 52224K, 28% used [0x00000000a0000000,0x00000000a0e993f0,0x00000000a3300000)
 Metaspace       used 34707K, capacity 35290K, committed 35496K, reserved 1079296K
  class space    used 4525K, capacity 4726K, committed 4776K, reserved 1048576K
}

